<?xml version="1.0" encoding="UTF-8"?>
<testng-results ignored="0" total="10" passed="10" failed="0" skipped="0">
  <reporter-output>
  </reporter-output>
  <suite started-at="2022-08-19T01:08:18 AST" name="Parallel test suite" finished-at="2022-08-19T01:11:26 AST" duration-ms="188311">
    <groups>
      <group name=" important notice">
        <method signature="TestCasesFrom1To3.TC_03()[pri:1, instance:testcases.TestCasesFrom1To3@309e345f]" name="TC_03" class="testcases.TestCasesFrom1To3"/>
      </group> <!--  important notice -->
      <group name="Create New Order">
        <method signature="TestCasesFrom14and16.TC_14()[pri:1, instance:testcases.TestCasesFrom14and16@77167fb7]" name="TC_14" class="testcases.TestCasesFrom14and16"/>
        <method signature="TestCasesFrom14and16.TC_16()[pri:2, instance:testcases.TestCasesFrom14and16@77167fb7]" name="TC_16" class="testcases.TestCasesFrom14and16"/>
      </group> <!-- Create New Order -->
      <group name="Address Book">
        <method signature="TestCasesFrom8To13.TC_12()[pri:4, instance:testcases.TestCasesFrom8To13@4445629]" name="TC_12" class="testcases.TestCasesFrom8To13"/>
        <method signature="TestCasesFrom8To13.TC_13()[pri:5, instance:testcases.TestCasesFrom8To13@4445629]" name="TC_13" class="testcases.TestCasesFrom8To13"/>
      </group> <!-- Address Book -->
      <group name="My Account">
        <method signature="TestCasesFrom8To13.TC_08()[pri:1, instance:testcases.TestCasesFrom8To13@4445629]" name="TC_08" class="testcases.TestCasesFrom8To13"/>
        <method signature="TestCasesFrom8To13.TC_09()[pri:2, instance:testcases.TestCasesFrom8To13@4445629]" name="TC_09" class="testcases.TestCasesFrom8To13"/>
        <method signature="TestCasesFrom8To13.TC_10()[pri:3, instance:testcases.TestCasesFrom8To13@4445629]" name="TC_10" class="testcases.TestCasesFrom8To13"/>
      </group> <!-- My Account -->
      <group name="Sign in">
        <method signature="TestCasesFrom1To3.TC_01()[pri:3, instance:testcases.TestCasesFrom1To3@309e345f]" name="TC_01" class="testcases.TestCasesFrom1To3"/>
        <method signature="TestCasesFrom1To3.TC_02()[pri:2, instance:testcases.TestCasesFrom1To3@309e345f]" name="TC_02" class="testcases.TestCasesFrom1To3"/>
      </group> <!-- Sign in -->
    </groups>
    <test started-at="2022-08-19T01:08:18 AST" name="Test" finished-at="2022-08-19T01:11:26 AST" duration-ms="188311">
      <class name="testcases.TestCasesFrom8To13">
        <test-method is-config="true" signature="setUp()[pri:0, instance:testcases.TestCasesFrom8To13@4445629]" started-at="2022-08-19T01:08:14 AST" name="setUp" finished-at="2022-08-19T01:08:18 AST" duration-ms="3969" status="PASS">
          <reporter-output>
          </reporter-output>
        </test-method> <!-- setUp -->
        <test-method is-config="true" signature="signIn()[pri:0, instance:testcases.TestCasesFrom8To13@4445629]" started-at="2022-08-19T01:08:39 AST" name="signIn" finished-at="2022-08-19T01:09:01 AST" duration-ms="21728" status="PASS">
          <reporter-output>
          </reporter-output>
        </test-method> <!-- signIn -->
        <test-method signature="TC_08()[pri:1, instance:testcases.TestCasesFrom8To13@4445629]" started-at="2022-08-19T01:09:01 AST" name="TC_08" description="Edit Contact Information and fill all the require field then save the page." finished-at="2022-08-19T01:09:27 AST" duration-ms="25503" status="PASS">
          <reporter-output>
          </reporter-output>
        </test-method> <!-- TC_08 -->
        <test-method signature="TC_09()[pri:2, instance:testcases.TestCasesFrom8To13@4445629]" started-at="2022-08-19T01:09:27 AST" name="TC_09" description="Edit Contact Information and clear one the require field then save." finished-at="2022-08-19T01:09:45 AST" duration-ms="18027" status="PASS">
          <reporter-output>
          </reporter-output>
        </test-method> <!-- TC_09 -->
        <test-method signature="TC_10()[pri:3, instance:testcases.TestCasesFrom8To13@4445629]" started-at="2022-08-19T01:09:45 AST" name="TC_10" description="Click on change password and in current password will enter diffrent password from current password." finished-at="2022-08-19T01:10:20 AST" duration-ms="35072" status="PASS">
          <reporter-output>
          </reporter-output>
        </test-method> <!-- TC_10 -->
        <test-method signature="TC_12()[pri:4, instance:testcases.TestCasesFrom8To13@4445629]" started-at="2022-08-19T01:10:20 AST" name="TC_12" description=" check if the user can see the &quot;You saved the address&quot; message when he edits his address in &quot;default billing address&quot; successfully." finished-at="2022-08-19T01:10:46 AST" duration-ms="26080" status="PASS">
          <reporter-output>
          </reporter-output>
        </test-method> <!-- TC_12 -->
        <test-method signature="TC_13()[pri:5, instance:testcases.TestCasesFrom8To13@4445629]" started-at="2022-08-19T01:10:46 AST" name="TC_13" description=" check if the user can see the &quot;You deleted the address.&quot; message when he deletes his address in &quot;additional address entries&quot; successfully." finished-at="2022-08-19T01:11:07 AST" duration-ms="20682" status="PASS">
          <reporter-output>
          </reporter-output>
        </test-method> <!-- TC_13 -->
        <test-method is-config="true" signature="signOut()[pri:0, instance:testcases.TestCasesFrom8To13@4445629]" started-at="2022-08-19T01:11:17 AST" name="signOut" finished-at="2022-08-19T01:11:26 AST" duration-ms="9525" status="PASS">
          <reporter-output>
          </reporter-output>
        </test-method> <!-- signOut -->
        <test-method is-config="true" signature="terminateBrowser()[pri:0, instance:testcases.TestCasesFrom8To13@4445629]" started-at="2022-08-19T01:11:29 AST" name="terminateBrowser" finished-at="2022-08-19T01:11:30 AST" duration-ms="233" status="PASS">
          <reporter-output>
          </reporter-output>
        </test-method> <!-- terminateBrowser -->
      </class> <!-- testcases.TestCasesFrom8To13 -->
      <class name="testcases.TestCasesFrom1To3">
        <test-method is-config="true" signature="setUp()[pri:0, instance:testcases.TestCasesFrom1To3@309e345f]" started-at="2022-08-19T01:08:10 AST" name="setUp" finished-at="2022-08-19T01:08:14 AST" duration-ms="3730" status="PASS">
          <reporter-output>
          </reporter-output>
        </test-method> <!-- setUp -->
        <test-method is-config="true" signature="navigate()[pri:0, instance:testcases.TestCasesFrom1To3@309e345f]" started-at="2022-08-19T01:09:01 AST" name="navigate" finished-at="2022-08-19T01:09:04 AST" duration-ms="2551" status="PASS">
          <reporter-output>
          </reporter-output>
        </test-method> <!-- navigate -->
        <test-method signature="TC_03()[pri:1, instance:testcases.TestCasesFrom1To3@309e345f]" started-at="2022-08-19T01:09:04 AST" name="TC_03" description="Verify if the user can open the long important notice for a long time to be able to read." finished-at="2022-08-19T01:09:16 AST" duration-ms="12254" status="PASS">
          <reporter-output>
          </reporter-output>
        </test-method> <!-- TC_03 -->
        <test-method is-config="true" signature="navigate()[pri:0, instance:testcases.TestCasesFrom1To3@309e345f]" started-at="2022-08-19T01:09:16 AST" name="navigate" finished-at="2022-08-19T01:09:17 AST" duration-ms="1285" status="PASS">
          <reporter-output>
          </reporter-output>
        </test-method> <!-- navigate -->
        <test-method signature="TC_02()[pri:2, instance:testcases.TestCasesFrom1To3@309e345f]" started-at="2022-08-19T01:09:17 AST" name="TC_02" description="Verifiy if the user cannot sign in to the website with invalid email and password" finished-at="2022-08-19T01:09:35 AST" duration-ms="18170" status="PASS">
          <reporter-output>
          </reporter-output>
        </test-method> <!-- TC_02 -->
        <test-method is-config="true" signature="navigate()[pri:0, instance:testcases.TestCasesFrom1To3@309e345f]" started-at="2022-08-19T01:09:35 AST" name="navigate" finished-at="2022-08-19T01:09:35 AST" duration-ms="16" status="PASS">
          <reporter-output>
          </reporter-output>
        </test-method> <!-- navigate -->
        <test-method signature="TC_01()[pri:3, instance:testcases.TestCasesFrom1To3@309e345f]" started-at="2022-08-19T01:09:35 AST" name="TC_01" description=" Verifiy if the user can sign in to the website with valid email and password" finished-at="2022-08-19T01:09:54 AST" duration-ms="18856" status="PASS">
          <reporter-output>
          </reporter-output>
        </test-method> <!-- TC_01 -->
        <test-method is-config="true" signature="terminateBrowser()[pri:0, instance:testcases.TestCasesFrom1To3@309e345f]" started-at="2022-08-19T01:11:29 AST" name="terminateBrowser" finished-at="2022-08-19T01:11:29 AST" duration-ms="263" status="PASS">
          <reporter-output>
          </reporter-output>
        </test-method> <!-- terminateBrowser -->
      </class> <!-- testcases.TestCasesFrom1To3 -->
      <class name="testcases.TestCasesFrom14and16">
        <test-method is-config="true" signature="setUp()[pri:0, instance:testcases.TestCasesFrom14and16@77167fb7]" started-at="2022-08-19T01:08:03 AST" name="setUp" finished-at="2022-08-19T01:08:10 AST" duration-ms="7065" status="PASS">
          <reporter-output>
          </reporter-output>
        </test-method> <!-- setUp -->
        <test-method is-config="true" signature="signIn()[pri:0, instance:testcases.TestCasesFrom14and16@77167fb7]" started-at="2022-08-19T01:08:18 AST" name="signIn" finished-at="2022-08-19T01:08:39 AST" duration-ms="21282" status="PASS">
          <reporter-output>
          </reporter-output>
        </test-method> <!-- signIn -->
        <test-method signature="TC_14()[pri:1, instance:testcases.TestCasesFrom14and16@77167fb7]" started-at="2022-08-19T01:09:01 AST" name="TC_14" description="Verify if the user can continue ordering the product without select the Bottle Capacity" finished-at="2022-08-19T01:09:26 AST" duration-ms="24939" status="PASS">
          <reporter-output>
          </reporter-output>
        </test-method> <!-- TC_14 -->
        <test-method signature="TC_16()[pri:2, instance:testcases.TestCasesFrom14and16@77167fb7]" started-at="2022-08-19T01:09:26 AST" name="TC_16" description="test if the user cannot continued payment without select the shipping details" finished-at="2022-08-19T01:09:48 AST" duration-ms="22333" status="PASS">
          <reporter-output>
          </reporter-output>
        </test-method> <!-- TC_16 -->
        <test-method is-config="true" signature="signOut()[pri:0, instance:testcases.TestCasesFrom14and16@77167fb7]" started-at="2022-08-19T01:11:07 AST" name="signOut" finished-at="2022-08-19T01:11:17 AST" duration-ms="10396" status="PASS">
          <reporter-output>
          </reporter-output>
        </test-method> <!-- signOut -->
        <test-method is-config="true" signature="terminateBrowser()[pri:0, instance:testcases.TestCasesFrom14and16@77167fb7]" started-at="2022-08-19T01:11:27 AST" name="terminateBrowser" finished-at="2022-08-19T01:11:29 AST" duration-ms="2552" status="PASS">
          <reporter-output>
          </reporter-output>
        </test-method> <!-- terminateBrowser -->
      </class> <!-- testcases.TestCasesFrom14and16 -->
    </test> <!-- Test -->
  </suite> <!-- Parallel test suite -->
</testng-results>
