<?xml version="1.0" encoding="UTF-8"?>
<!-- Generated by org.testng.reporters.JUnitXMLReporter -->
<testsuite ignored="0" hostname="MWDH-Work2" failures="0" tests="10" name="Test" time="188.311" errors="0" timestamp="2022-08-19T01:11:27 AST">
  <testcase classname="testcases.TestCasesFrom1To3" name="TC_03" time="12.254"/>
  <testcase classname="testcases.TestCasesFrom14and16" name="TC_14" time="24.939"/>
  <testcase classname="testcases.TestCasesFrom8To13" name="TC_08" time="25.503"/>
  <testcase classname="testcases.TestCasesFrom1To3" name="TC_02" time="18.17"/>
  <testcase classname="testcases.TestCasesFrom8To13" name="TC_09" time="18.027"/>
  <testcase classname="testcases.TestCasesFrom14and16" name="TC_16" time="22.333"/>
  <testcase classname="testcases.TestCasesFrom1To3" name="TC_01" time="18.856"/>
  <testcase classname="testcases.TestCasesFrom8To13" name="TC_10" time="35.072"/>
  <testcase classname="testcases.TestCasesFrom8To13" name="TC_12" time="26.08"/>
  <testcase classname="testcases.TestCasesFrom8To13" name="TC_13" time="20.682"/>
</testsuite> <!-- Test -->
